[01-Sep-2024 08:52:41 UTC] in complaint_form_shortcode
[01-Sep-2024 08:52:49 UTC] in complaint_form_shortcode
[01-Sep-2024 08:52:53 UTC] in complaint_form_shortcode
[01-Sep-2024 08:53:57 UTC] in complaint_form_shortcode
[01-Sep-2024 08:55:57 UTC] in complaint_form_shortcode
[01-Sep-2024 08:56:37 UTC] in complaint_form_shortcode
[01-Sep-2024 08:56:53 UTC] in complaint_form_shortcode
[01-Sep-2024 09:29:31 UTC] Test email sent successfully.
[01-Sep-2024 11:02:05 UTC] handle_complaint_form_submission
[01-Sep-2024 11:02:06 UTC] email_address
[01-Sep-2024 11:02:06 UTC] haneen.s.alnajjar@gmail.com
[01-Sep-2024 11:02:09 UTC] handle_complaint_form_submission
[01-Sep-2024 11:03:33 UTC] handle_complaint_form_submission
[01-Sep-2024 11:03:33 UTC] email_address
[01-Sep-2024 11:03:33 UTC] haneen.s.alnajjar@gmail.com
[01-Sep-2024 11:04:22 UTC] handle_complaint_form_submission
[01-Sep-2024 11:04:22 UTC] email_address
[01-Sep-2024 11:04:22 UTC] test@gmail.com
[01-Sep-2024 11:04:23 UTC] handle_complaint_form_submission
[01-Sep-2024 11:05:48 UTC] handle_complaint_form_submission
[01-Sep-2024 11:05:48 UTC] email_address
[01-Sep-2024 11:05:48 UTC] haneen.s.alnajjar@gmail.com
[01-Sep-2024 11:05:50 UTC] handle_complaint_form_submission
[01-Sep-2024 11:05:50 UTC] email_address
[01-Sep-2024 11:05:50 UTC] haneen.s.alnajjar@gmail.com
[01-Sep-2024 11:05:51 UTC] handle_complaint_form_submission
[01-Sep-2024 11:05:51 UTC] email_address
[01-Sep-2024 11:05:51 UTC] haneen.s.alnajjar@gmail.com
[01-Sep-2024 11:15:16 UTC] handle_complaint_form_submission
[01-Sep-2024 11:15:16 UTC] email_address
[01-Sep-2024 11:15:16 UTC] haneen.s.alnajjar@gmail.com
[01-Sep-2024 11:15:19 UTC] handle_complaint_form_submission
[01-Sep-2024 11:15:19 UTC] email_address
[01-Sep-2024 11:15:19 UTC] haneen.s.alnajjar@gmail.com
[01-Sep-2024 11:18:35 UTC] handle_complaint_form_submission
[01-Sep-2024 11:18:35 UTC] email_address
[01-Sep-2024 11:18:35 UTC] haneen.s.alnajjar@gmail.com
[01-Sep-2024 11:18:36 UTC] handle_complaint_form_submission
[01-Sep-2024 11:18:36 UTC] email_address
[01-Sep-2024 11:18:36 UTC] haneen.s.alnajjar@gmail.com
[01-Sep-2024 11:26:55 UTC] handle_complaint_form_submission
[01-Sep-2024 11:26:55 UTC] email_address
[01-Sep-2024 11:26:55 UTC] haneen.s.alnajjar@gmail.com
[01-Sep-2024 11:26:57 UTC] handle_complaint_form_submission
[01-Sep-2024 11:26:57 UTC] email_address
[01-Sep-2024 11:26:57 UTC] haneen.s.alnajjar@gmail.com
[01-Sep-2024 11:34:32 UTC] PHP Deprecated:  strip_tags(): Passing null to parameter #1 ($string) of type string is deprecated in C:\xampp\htdocs\qpros\wp-admin\admin-header.php on line 36
[01-Sep-2024 11:35:06 UTC] PHP Deprecated:  strip_tags(): Passing null to parameter #1 ($string) of type string is deprecated in C:\xampp\htdocs\qpros\wp-admin\admin-header.php on line 36
[01-Sep-2024 14:51:26 UTC] handle_complaint_form_submission
[01-Sep-2024 14:51:26 UTC] email_address
[01-Sep-2024 14:51:26 UTC] haneen.alnajjar97@gmail.com
[01-Sep-2024 15:16:04 UTC] handle_complaint_form_submission
[01-Sep-2024 15:16:04 UTC] WordPress database error Table 'test.wp_complaints_form' doesn't exist for query SHOW FULL COLUMNS FROM `wp_complaints_form` made by do_action('wp_ajax_nopriv_submit_complaint'), WP_Hook->do_action, WP_Hook->apply_filters, handle_complaint_form_submission
[01-Sep-2024 15:16:04 UTC] email_address
[01-Sep-2024 15:16:04 UTC] alhamaideh.amneh@hotmail.com
[01-Sep-2024 15:18:16 UTC] handle_complaint_form_submission
[01-Sep-2024 15:18:16 UTC] WordPress database error Table 'test.wp_complaints_form' doesn't exist for query SHOW FULL COLUMNS FROM `wp_complaints_form` made by do_action('wp_ajax_nopriv_submit_complaint'), WP_Hook->do_action, WP_Hook->apply_filters, handle_complaint_form_submission
[01-Sep-2024 15:18:16 UTC] email_address
[01-Sep-2024 15:18:16 UTC] haneen.alnajjar97@gmail.com
[01-Sep-2024 19:42:27 UTC] handle_complaint_form_submission
[01-Sep-2024 19:42:27 UTC] WordPress database error Table 'test.wp_complaints_form' doesn't exist for query SHOW FULL COLUMNS FROM `wp_complaints_form` made by do_action('wp_ajax_nopriv_submit_complaint'), WP_Hook->do_action, WP_Hook->apply_filters, handle_complaint_form_submission
[01-Sep-2024 19:42:27 UTC] email_address
[01-Sep-2024 19:42:27 UTC] haneen.s.alnajjar@gmail.com
[01-Sep-2024 19:47:36 UTC] handle_complaint_form_submission
[01-Sep-2024 19:47:36 UTC] WordPress database error Table 'test.wp_complaints_form' doesn't exist for query SHOW FULL COLUMNS FROM `wp_complaints_form` made by do_action('wp_ajax_nopriv_submit_complaint'), WP_Hook->do_action, WP_Hook->apply_filters, handle_complaint_form_submission
[01-Sep-2024 19:47:36 UTC] email_address
[01-Sep-2024 19:47:36 UTC] haneen.alnajjar97@gmail.com
[01-Sep-2024 19:56:23 UTC] handle_complaint_form_submission
[01-Sep-2024 19:56:23 UTC] WordPress database error Table 'test.wp_complaints_form' doesn't exist for query SHOW FULL COLUMNS FROM `wp_complaints_form` made by do_action('wp_ajax_nopriv_submit_complaint'), WP_Hook->do_action, WP_Hook->apply_filters, handle_complaint_form_submission
[01-Sep-2024 19:56:23 UTC] email_address
[01-Sep-2024 19:56:23 UTC] haneen.alnajjar97@gmail.com
[01-Sep-2024 20:19:30 UTC] handle_complaint_form_submission
[01-Sep-2024 20:19:30 UTC] WordPress database error Table 'test.wp_complaints_form' doesn't exist for query SHOW FULL COLUMNS FROM `wp_complaints_form` made by do_action('wp_ajax_nopriv_submit_complaint'), WP_Hook->do_action, WP_Hook->apply_filters, handle_complaint_form_submission
[01-Sep-2024 20:19:30 UTC] email_address
[01-Sep-2024 20:19:30 UTC] haneen.alnajjar97@gmail.com
[01-Sep-2024 20:25:58 UTC] handle_complaint_form_submission
[01-Sep-2024 20:25:58 UTC] WordPress database error Table 'test.wp_complaints_form' doesn't exist for query SHOW FULL COLUMNS FROM `wp_complaints_form` made by do_action('wp_ajax_nopriv_submit_complaint'), WP_Hook->do_action, WP_Hook->apply_filters, handle_complaint_form_submission
[01-Sep-2024 20:25:58 UTC] email_address
[01-Sep-2024 20:25:58 UTC] haneen.s.alnajjar@gmail.com
[01-Sep-2024 20:28:03 UTC] handle_complaint_form_submission
[01-Sep-2024 20:28:03 UTC] WordPress database error Table 'test.wp_complaints_form' doesn't exist for query SHOW FULL COLUMNS FROM `wp_complaints_form` made by do_action('wp_ajax_nopriv_submit_complaint'), WP_Hook->do_action, WP_Hook->apply_filters, handle_complaint_form_submission
[01-Sep-2024 20:28:03 UTC] email_address
[01-Sep-2024 20:28:03 UTC] haneen.s.alnajjar@gmail.com
[01-Sep-2024 20:30:37 UTC] handle_complaint_form_submission
[01-Sep-2024 20:30:37 UTC] email_address
[01-Sep-2024 20:30:37 UTC] haneen.alnajjar97@gmail.com
